2025-10-01 08:58:27 | WARNING  | logging_config | ==================================================
2025-10-01 08:58:27 | WARNING  | logging_config | üöÄ –ë–û–¢ NETWELL –ó–ê–ü–£–©–ï–ù
2025-10-01 08:58:27 | WARNING  | logging_config | ==================================================
2025-10-01 08:59:36 | WARNING  | handlers | üì® –†–∞—Å—Å—ã–ª–∫–∞ –∑–∞–≤–µ—Ä—à–µ–Ω–∞: 1 —É—Å–ø–µ—à–Ω–æ, 0 –æ—à–∏–±–æ–∫
2025-10-01 08:49:03 | WARNING  | logging_config | ==================================================
2025-10-01 08:49:03 | WARNING  | logging_config | üöÄ –ë–û–¢ NETWELL –ó–ê–ü–£–©–ï–ù
2025-10-01 08:49:03 | WARNING  | logging_config | ==================================================
2025-10-01 08:49:40 | ERROR    | telegram.ext.Updater | Error while getting Updates: httpx.ConnectError: [Errno -2] Name or service not known
2025-10-01 08:49:40 | ERROR    | root | ‚ùå –û–®–ò–ë–ö–ê: httpx.ConnectError: [Errno -2] Name or service not known
Traceback (most recent call last):
  File "/usr/local/lib/python3.11/site-packages/httpx/_transports/default.py", line 66, in map_httpcore_exceptions
    yield
  File "/usr/local/lib/python3.11/site-packages/httpx/_transports/default.py", line 366, in handle_async_request
    resp = await self._pool.handle_async_request(req)
           ^^^^^^^^^^^^^^^^^^^^^^^^^^^^^^^^^^^^^^^^^^
  File "/usr/local/lib/python3.11/site-packages/httpcore/_async/connection_pool.py", line 256, in handle_async_request
    raise exc from None
  File "/usr/local/lib/python3.11/site-packages/httpcore/_async/connection_pool.py", line 236, in handle_async_request
    response = await connection.handle_async_request(
               ^^^^^^^^^^^^^^^^^^^^^^^^^^^^^^^^^^^^^^
  File "/usr/local/lib/python3.11/site-packages/httpcore/_async/connection.py", line 101, in handle_async_request
    raise exc
  File "/usr/local/lib/python3.11/site-packages/httpcore/_async/connection.py", line 78, in handle_async_request
    stream = await self._connect(request)
             ^^^^^^^^^^^^^^^^^^^^^^^^^^^^
  File "/usr/local/lib/python3.11/site-packages/httpcore/_async/connection.py", line 124, in _connect
    stream = await self._network_backend.connect_tcp(**kwargs)
             ^^^^^^^^^^^^^^^^^^^^^^^^^^^^^^^^^^^^^^^^^^^^^^^^^
  File "/usr/local/lib/python3.11/site-packages/httpcore/_backends/auto.py", line 31, in connect_tcp
    return await self._backend.connect_tcp(
           ^^^^^^^^^^^^^^^^^^^^^^^^^^^^^^^^
  File "/usr/local/lib/python3.11/site-packages/httpcore/_backends/anyio.py", line 113, in connect_tcp
    with map_exceptions(exc_map):
  File "/usr/local/lib/python3.11/contextlib.py", line 158, in __exit__
    self.gen.throw(typ, value, traceback)
  File "/usr/local/lib/python3.11/site-packages/httpcore/_exceptions.py", line 14, in map_exceptions
    raise to_exc(exc) from exc
httpcore.ConnectError: [Errno -2] Name or service not known

The above exception was the direct cause of the following exception:

Traceback (most recent call last):
  File "/usr/local/lib/python3.11/site-packages/telegram/request/_httpxrequest.py", line 268, in do_request
    res = await self._client.request(
          ^^^^^^^^^^^^^^^^^^^^^^^^^^^
  File "/usr/local/lib/python3.11/site-packages/httpx/_client.py", line 1530, in request
    return await self.send(request, auth=auth, follow_redirects=follow_redirects)
           ^^^^^^^^^^^^^^^^^^^^^^^^^^^^^^^^^^^^^^^^^^^^^^^^^^^^^^^^^^^^^^^^^^^^^^
  File "/usr/local/lib/python3.11/site-packages/httpx/_client.py", line 1617, in send
    response = await self._send_handling_auth(
               ^^^^^^^^^^^^^^^^^^^^^^^^^^^^^^^
  File "/usr/local/lib/python3.11/site-packages/httpx/_client.py", line 1645, in _send_handling_auth
    response = await self._send_handling_redirects(
               ^^^^^^^^^^^^^^^^^^^^^^^^^^^^^^^^^^^^
  File "/usr/local/lib/python3.11/site-packages/httpx/_client.py", line 1682, in _send_handling_redirects
    response = await self._send_single_request(request)
               ^^^^^^^^^^^^^^^^^^^^^^^^^^^^^^^^^^^^^^^^
  File "/usr/local/lib/python3.11/site-packages/httpx/_client.py", line 1719, in _send_single_request
    response = await transport.handle_async_request(request)
               ^^^^^^^^^^^^^^^^^^^^^^^^^^^^^^^^^^^^^^^^^^^^^
  File "/usr/local/lib/python3.11/site-packages/httpx/_transports/default.py", line 365, in handle_async_request
    with map_httpcore_exceptions():
  File "/usr/local/lib/python3.11/contextlib.py", line 158, in __exit__
    self.gen.throw(typ, value, traceback)
  File "/usr/local/lib/python3.11/site-packages/httpx/_transports/default.py", line 83, in map_httpcore_exceptions
    raise mapped_exc(message) from exc
httpx.ConnectError: [Errno -2] Name or service not known

The above exception was the direct cause of the following exception:

Traceback (most recent call last):
  File "/usr/local/lib/python3.11/site-packages/telegram/ext/_updater.py", line 688, in _network_loop_retry
    if not await action_cb():
           ^^^^^^^^^^^^^^^^^
  File "/usr/local/lib/python3.11/site-packages/telegram/ext/_updater.py", line 384, in polling_action_cb
    raise exc
  File "/usr/local/lib/python3.11/site-packages/telegram/ext/_updater.py", line 373, in polling_action_cb
    updates = await self.bot.get_updates(
              ^^^^^^^^^^^^^^^^^^^^^^^^^^^
  File "/usr/local/lib/python3.11/site-packages/telegram/ext/_extbot.py", line 558, in get_updates
    updates = await super().get_updates(
              ^^^^^^^^^^^^^^^^^^^^^^^^^^
  File "/usr/local/lib/python3.11/site-packages/telegram/_bot.py", line 525, in decorator
    result = await func(self, *args, **kwargs)  # skipcq: PYL-E1102
             ^^^^^^^^^^^^^^^^^^^^^^^^^^^^^^^^^
  File "/usr/local/lib/python3.11/site-packages/telegram/_bot.py", line 3584, in get_updates
    await self._post(
  File "/usr/local/lib/python3.11/site-packages/telegram/_bot.py", line 613, in _post
    return await self._do_post(
           ^^^^^^^^^^^^^^^^^^^^
  File "/usr/local/lib/python3.11/site-packages/telegram/ext/_extbot.py", line 340, in _do_post
    return await super()._do_post(
           ^^^^^^^^^^^^^^^^^^^^^^^
  File "/usr/local/lib/python3.11/site-packages/telegram/_bot.py", line 641, in _do_post
    return await request.post(
           ^^^^^^^^^^^^^^^^^^^
  File "/usr/local/lib/python3.11/site-packages/telegram/request/_baserequest.py", line 200, in post
    result = await self._request_wrapper(
             ^^^^^^^^^^^^^^^^^^^^^^^^^^^^
  File "/usr/local/lib/python3.11/site-packages/telegram/request/_baserequest.py", line 340, in _request_wrapper
    raise exc
  File "/usr/local/lib/python3.11/site-packages/telegram/request/_baserequest.py", line 330, in _request_wrapper
    code, payload = await self.do_request(
                    ^^^^^^^^^^^^^^^^^^^^^^
  File "/usr/local/lib/python3.11/site-packages/telegram/request/_httpxrequest.py", line 292, in do_request
    raise NetworkError(f"httpx.{err.__class__.__name__}: {err}") from err
telegram.error.NetworkError: httpx.ConnectError: [Errno -2] Name or service not known
2025-10-01 08:49:41 | ERROR    | telegram.ext.Updater | Error while getting Updates: httpx.ConnectError: [Errno -2] Name or service not known
2025-10-01 08:49:41 | ERROR    | root | ‚ùå –û–®–ò–ë–ö–ê: httpx.ConnectError: [Errno -2] Name or service not known
Traceback (most recent call last):
  File "/usr/local/lib/python3.11/site-packages/httpx/_transports/default.py", line 66, in map_httpcore_exceptions
    yield
  File "/usr/local/lib/python3.11/site-packages/httpx/_transports/default.py", line 366, in handle_async_request
    resp = await self._pool.handle_async_request(req)
           ^^^^^^^^^^^^^^^^^^^^^^^^^^^^^^^^^^^^^^^^^^
  File "/usr/local/lib/python3.11/site-packages/httpcore/_async/connection_pool.py", line 256, in handle_async_request
    raise exc from None
  File "/usr/local/lib/python3.11/site-packages/httpcore/_async/connection_pool.py", line 236, in handle_async_request
    response = await connection.handle_async_request(
               ^^^^^^^^^^^^^^^^^^^^^^^^^^^^^^^^^^^^^^
  File "/usr/local/lib/python3.11/site-packages/httpcore/_async/connection.py", line 101, in handle_async_request
    raise exc
  File "/usr/local/lib/python3.11/site-packages/httpcore/_async/connection.py", line 78, in handle_async_request
    stream = await self._connect(request)
             ^^^^^^^^^^^^^^^^^^^^^^^^^^^^
  File "/usr/local/lib/python3.11/site-packages/httpcore/_async/connection.py", line 124, in _connect
    stream = await self._network_backend.connect_tcp(**kwargs)
             ^^^^^^^^^^^^^^^^^^^^^^^^^^^^^^^^^^^^^^^^^^^^^^^^^
  File "/usr/local/lib/python3.11/site-packages/httpcore/_backends/auto.py", line 31, in connect_tcp
    return await self._backend.connect_tcp(
           ^^^^^^^^^^^^^^^^^^^^^^^^^^^^^^^^
  File "/usr/local/lib/python3.11/site-packages/httpcore/_backends/anyio.py", line 113, in connect_tcp
    with map_exceptions(exc_map):
  File "/usr/local/lib/python3.11/contextlib.py", line 158, in __exit__
    self.gen.throw(typ, value, traceback)
  File "/usr/local/lib/python3.11/site-packages/httpcore/_exceptions.py", line 14, in map_exceptions
    raise to_exc(exc) from exc
httpcore.ConnectError: [Errno -2] Name or service not known

The above exception was the direct cause of the following exception:

Traceback (most recent call last):
  File "/usr/local/lib/python3.11/site-packages/telegram/request/_httpxrequest.py", line 268, in do_request
    res = await self._client.request(
          ^^^^^^^^^^^^^^^^^^^^^^^^^^^
  File "/usr/local/lib/python3.11/site-packages/httpx/_client.py", line 1530, in request
    return await self.send(request, auth=auth, follow_redirects=follow_redirects)
           ^^^^^^^^^^^^^^^^^^^^^^^^^^^^^^^^^^^^^^^^^^^^^^^^^^^^^^^^^^^^^^^^^^^^^^
  File "/usr/local/lib/python3.11/site-packages/httpx/_client.py", line 1617, in send
    response = await self._send_handling_auth(
               ^^^^^^^^^^^^^^^^^^^^^^^^^^^^^^^
  File "/usr/local/lib/python3.11/site-packages/httpx/_client.py", line 1645, in _send_handling_auth
    response = await self._send_handling_redirects(
               ^^^^^^^^^^^^^^^^^^^^^^^^^^^^^^^^^^^^
  File "/usr/local/lib/python3.11/site-packages/httpx/_client.py", line 1682, in _send_handling_redirects
    response = await self._send_single_request(request)
               ^^^^^^^^^^^^^^^^^^^^^^^^^^^^^^^^^^^^^^^^
  File "/usr/local/lib/python3.11/site-packages/httpx/_client.py", line 1719, in _send_single_request
    response = await transport.handle_async_request(request)
               ^^^^^^^^^^^^^^^^^^^^^^^^^^^^^^^^^^^^^^^^^^^^^
  File "/usr/local/lib/python3.11/site-packages/httpx/_transports/default.py", line 365, in handle_async_request
    with map_httpcore_exceptions():
  File "/usr/local/lib/python3.11/contextlib.py", line 158, in __exit__
    self.gen.throw(typ, value, traceback)
  File "/usr/local/lib/python3.11/site-packages/httpx/_transports/default.py", line 83, in map_httpcore_exceptions
    raise mapped_exc(message) from exc
httpx.ConnectError: [Errno -2] Name or service not known

The above exception was the direct cause of the following exception:

Traceback (most recent call last):
  File "/usr/local/lib/python3.11/site-packages/telegram/ext/_updater.py", line 688, in _network_loop_retry
    if not await action_cb():
           ^^^^^^^^^^^^^^^^^
  File "/usr/local/lib/python3.11/site-packages/telegram/ext/_updater.py", line 384, in polling_action_cb
    raise exc
  File "/usr/local/lib/python3.11/site-packages/telegram/ext/_updater.py", line 373, in polling_action_cb
    updates = await self.bot.get_updates(
              ^^^^^^^^^^^^^^^^^^^^^^^^^^^
  File "/usr/local/lib/python3.11/site-packages/telegram/ext/_extbot.py", line 558, in get_updates
    updates = await super().get_updates(
              ^^^^^^^^^^^^^^^^^^^^^^^^^^
  File "/usr/local/lib/python3.11/site-packages/telegram/_bot.py", line 525, in decorator
    result = await func(self, *args, **kwargs)  # skipcq: PYL-E1102
             ^^^^^^^^^^^^^^^^^^^^^^^^^^^^^^^^^
  File "/usr/local/lib/python3.11/site-packages/telegram/_bot.py", line 3584, in get_updates
    await self._post(
  File "/usr/local/lib/python3.11/site-packages/telegram/_bot.py", line 613, in _post
    return await self._do_post(
           ^^^^^^^^^^^^^^^^^^^^
  File "/usr/local/lib/python3.11/site-packages/telegram/ext/_extbot.py", line 340, in _do_post
    return await super()._do_post(
           ^^^^^^^^^^^^^^^^^^^^^^^
  File "/usr/local/lib/python3.11/site-packages/telegram/_bot.py", line 641, in _do_post
    return await request.post(
           ^^^^^^^^^^^^^^^^^^^
  File "/usr/local/lib/python3.11/site-packages/telegram/request/_baserequest.py", line 200, in post
    result = await self._request_wrapper(
             ^^^^^^^^^^^^^^^^^^^^^^^^^^^^
  File "/usr/local/lib/python3.11/site-packages/telegram/request/_baserequest.py", line 340, in _request_wrapper
    raise exc
  File "/usr/local/lib/python3.11/site-packages/telegram/request/_baserequest.py", line 330, in _request_wrapper
    code, payload = await self.do_request(
                    ^^^^^^^^^^^^^^^^^^^^^^
  File "/usr/local/lib/python3.11/site-packages/telegram/request/_httpxrequest.py", line 292, in do_request
    raise NetworkError(f"httpx.{err.__class__.__name__}: {err}") from err
telegram.error.NetworkError: httpx.ConnectError: [Errno -2] Name or service not known
2025-10-02 12:58:38 | WARNING  | logging_config | ==================================================
2025-10-02 12:58:38 | WARNING  | logging_config | üöÄ –ë–û–¢ NETWELL –ó–ê–ü–£–©–ï–ù
2025-10-02 12:58:38 | WARNING  | logging_config | ==================================================
2025-10-02 13:02:11 | WARNING  | logging_config | ==================================================
2025-10-02 13:02:11 | WARNING  | logging_config | üöÄ –ë–û–¢ NETWELL –ó–ê–ü–£–©–ï–ù
2025-10-02 13:02:11 | WARNING  | logging_config | ==================================================
2025-10-02 14:09:56 | WARNING  | logging_config | ==================================================
2025-10-02 14:09:56 | WARNING  | logging_config | üöÄ –ë–û–¢ NETWELL –ó–ê–ü–£–©–ï–ù
2025-10-02 14:09:56 | WARNING  | logging_config | ==================================================
2025-10-02 14:10:14 | WARNING  | logging_config | ==================================================
2025-10-02 14:10:14 | WARNING  | logging_config | üöÄ –ë–û–¢ NETWELL –ó–ê–ü–£–©–ï–ù
2025-10-02 14:10:14 | WARNING  | logging_config | ==================================================
2025-10-02 14:11:32 | WARNING  | logging_config | ==================================================
2025-10-02 14:11:32 | WARNING  | logging_config | üöÄ –ë–û–¢ NETWELL –ó–ê–ü–£–©–ï–ù
2025-10-02 14:11:32 | WARNING  | logging_config | ==================================================
2025-10-02 14:11:53 | WARNING  | logging_config | ==================================================
2025-10-02 14:11:53 | WARNING  | logging_config | üöÄ –ë–û–¢ NETWELL –ó–ê–ü–£–©–ï–ù
2025-10-02 14:11:53 | WARNING  | logging_config | ==================================================
2025-10-02 13:21:56 | WARNING  | logging_config | ==================================================
2025-10-02 13:21:56 | WARNING  | logging_config | üöÄ –ë–û–¢ NETWELL –ó–ê–ü–£–©–ï–ù
2025-10-02 13:21:56 | WARNING  | logging_config | ==================================================
2025-10-02 13:28:47 | WARNING  | logging_config | ==================================================
2025-10-02 13:28:47 | WARNING  | logging_config | üöÄ –ë–û–¢ NETWELL –ó–ê–ü–£–©–ï–ù
2025-10-02 13:28:47 | WARNING  | logging_config | ==================================================
2025-10-02 20:59:26 | WARNING  | logging_config | ==================================================
2025-10-02 20:59:26 | WARNING  | logging_config | üöÄ –ë–û–¢ NETWELL –ó–ê–ü–£–©–ï–ù
2025-10-02 20:59:26 | WARNING  | logging_config | ==================================================
2025-10-02 21:38:58 | WARNING  | logging_config | ==================================================
2025-10-02 21:38:58 | WARNING  | logging_config | üöÄ –ë–û–¢ NETWELL –ó–ê–ü–£–©–ï–ù
2025-10-02 21:38:58 | WARNING  | logging_config | ==================================================
2025-10-03 11:27:53 | WARNING  | logging_config | ==================================================
2025-10-03 11:27:53 | WARNING  | logging_config | üöÄ –ë–û–¢ NETWELL –ó–ê–ü–£–©–ï–ù
2025-10-03 11:27:53 | WARNING  | logging_config | ==================================================
2025-10-03 11:44:37 | WARNING  | logging_config | ==================================================
2025-10-03 11:44:37 | WARNING  | logging_config | üöÄ –ë–û–¢ NETWELL –ó–ê–ü–£–©–ï–ù
2025-10-03 11:44:37 | WARNING  | logging_config | ==================================================
2025-10-04 15:41:19 | WARNING  | logging_config | ==================================================
2025-10-04 15:41:19 | WARNING  | logging_config | üöÄ –ë–û–¢ NETWELL –ó–ê–ü–£–©–ï–ù
2025-10-04 15:41:19 | WARNING  | logging_config | ==================================================
2025-10-04 15:42:26 | WARNING  | handlers | üìä –°–∏–Ω—Ö—Ä–æ–Ω–∏–∑–∞—Ü–∏—è –≤–µ–Ω–¥–æ—Ä–æ–≤ –≤—ã–ø–æ–ª–Ω–µ–Ω–∞ –∞–¥–º–∏–Ω–æ–º 7924924550
2025-10-04 15:44:45 | WARNING  | handlers | üìä –°–∏–Ω—Ö—Ä–æ–Ω–∏–∑–∞—Ü–∏—è –≤–µ–Ω–¥–æ—Ä–æ–≤ –≤—ã–ø–æ–ª–Ω–µ–Ω–∞ –∞–¥–º–∏–Ω–æ–º 7924924550
2025-10-04 15:45:55 | WARNING  | handlers | üìä –°–∏–Ω—Ö—Ä–æ–Ω–∏–∑–∞—Ü–∏—è –≤–µ–Ω–¥–æ—Ä–æ–≤ –≤—ã–ø–æ–ª–Ω–µ–Ω–∞ –∞–¥–º–∏–Ω–æ–º 7924924550
2025-10-06 07:59:24 | WARNING  | logging_config | ==================================================
2025-10-06 07:59:24 | WARNING  | logging_config | üöÄ –ë–û–¢ NETWELL –ó–ê–ü–£–©–ï–ù
2025-10-06 07:59:24 | WARNING  | logging_config | ==================================================
2025-10-06 07:59:43 | ERROR    | handlers | –û—à–∏–±–∫–∞ —Å–∏–Ω—Ö—Ä–æ–Ω–∏–∑–∞—Ü–∏–∏: No module named 'requests'
Traceback (most recent call last):
  File "/app/handlers.py", line 935, in admin_update_vendor_start
    from sample_vendors import add_vendors_from_sheet
  File "/app/sample_vendors.py", line 137, in <module>
    import requests
ModuleNotFoundError: No module named 'requests'
2025-10-06 08:00:26 | WARNING  | logging_config | ==================================================
2025-10-06 08:00:26 | WARNING  | logging_config | üöÄ –ë–û–¢ NETWELL –ó–ê–ü–£–©–ï–ù
2025-10-06 08:00:26 | WARNING  | logging_config | ==================================================
2025-10-06 08:00:33 | WARNING  | handlers | üìä –°–∏–Ω—Ö—Ä–æ–Ω–∏–∑–∞—Ü–∏—è –≤–µ–Ω–¥–æ—Ä–æ–≤ –≤—ã–ø–æ–ª–Ω–µ–Ω–∞ –∞–¥–º–∏–Ω–æ–º 7924924550
2025-10-06 08:01:12 | WARNING  | logging_config | ==================================================
2025-10-06 08:01:12 | WARNING  | logging_config | üöÄ –ë–û–¢ NETWELL –ó–ê–ü–£–©–ï–ù
2025-10-06 08:01:12 | WARNING  | logging_config | ==================================================
2025-10-06 08:01:18 | WARNING  | handlers | üìä –°–∏–Ω—Ö—Ä–æ–Ω–∏–∑–∞—Ü–∏—è –≤–µ–Ω–¥–æ—Ä–æ–≤ –≤—ã–ø–æ–ª–Ω–µ–Ω–∞ –∞–¥–º–∏–Ω–æ–º 7924924550
2025-10-06 08:03:50 | WARNING  | logging_config | ==================================================
2025-10-06 08:03:50 | WARNING  | logging_config | üöÄ –ë–û–¢ NETWELL –ó–ê–ü–£–©–ï–ù
2025-10-06 08:03:50 | WARNING  | logging_config | ==================================================
2025-10-06 08:09:34 | WARNING  | handlers | üìä –°–∏–Ω—Ö—Ä–æ–Ω–∏–∑–∞—Ü–∏—è –≤–µ–Ω–¥–æ—Ä–æ–≤ –≤—ã–ø–æ–ª–Ω–µ–Ω–∞ –∞–¥–º–∏–Ω–æ–º 7924924550
2025-10-06 08:10:53 | WARNING  | handlers | üìä –°–∏–Ω—Ö—Ä–æ–Ω–∏–∑–∞—Ü–∏—è –≤–µ–Ω–¥–æ—Ä–æ–≤ –≤—ã–ø–æ–ª–Ω–µ–Ω–∞ –∞–¥–º–∏–Ω–æ–º 7924924550
2025-10-06 08:11:28 | WARNING  | handlers | üìä –°–∏–Ω—Ö—Ä–æ–Ω–∏–∑–∞—Ü–∏—è –≤–µ–Ω–¥–æ—Ä–æ–≤ –≤—ã–ø–æ–ª–Ω–µ–Ω–∞ –∞–¥–º–∏–Ω–æ–º 7924924550
2025-10-06 08:12:43 | WARNING  | handlers | üìä –°–∏–Ω—Ö—Ä–æ–Ω–∏–∑–∞—Ü–∏—è –≤–µ–Ω–¥–æ—Ä–æ–≤ –≤—ã–ø–æ–ª–Ω–µ–Ω–∞ –∞–¥–º–∏–Ω–æ–º 7924924550
2025-10-06 08:15:24 | WARNING  | handlers | üìä –°–∏–Ω—Ö—Ä–æ–Ω–∏–∑–∞—Ü–∏—è –≤–µ–Ω–¥–æ—Ä–æ–≤ –≤—ã–ø–æ–ª–Ω–µ–Ω–∞ –∞–¥–º–∏–Ω–æ–º 7924924550
2025-10-06 08:16:40 | WARNING  | handlers | üìä –°–∏–Ω—Ö—Ä–æ–Ω–∏–∑–∞—Ü–∏—è –≤–µ–Ω–¥–æ—Ä–æ–≤ –≤—ã–ø–æ–ª–Ω–µ–Ω–∞ –∞–¥–º–∏–Ω–æ–º 7924924550
2025-10-06 08:18:55 | WARNING  | handlers | üìä –°–∏–Ω—Ö—Ä–æ–Ω–∏–∑–∞—Ü–∏—è –≤–µ–Ω–¥–æ—Ä–æ–≤ –≤—ã–ø–æ–ª–Ω–µ–Ω–∞ –∞–¥–º–∏–Ω–æ–º 7924924550
2025-10-06 08:21:55 | WARNING  | handlers | üìä –°–∏–Ω—Ö—Ä–æ–Ω–∏–∑–∞—Ü–∏—è –≤–µ–Ω–¥–æ—Ä–æ–≤ –≤—ã–ø–æ–ª–Ω–µ–Ω–∞ –∞–¥–º–∏–Ω–æ–º 7924924550
2025-10-06 08:24:26 | WARNING  | handlers | üìä –°–∏–Ω—Ö—Ä–æ–Ω–∏–∑–∞—Ü–∏—è –≤–µ–Ω–¥–æ—Ä–æ–≤ –≤—ã–ø–æ–ª–Ω–µ–Ω–∞ –∞–¥–º–∏–Ω–æ–º 7924924550
2025-10-06 08:26:11 | WARNING  | handlers | üìä –°–∏–Ω—Ö—Ä–æ–Ω–∏–∑–∞—Ü–∏—è –≤–µ–Ω–¥–æ—Ä–æ–≤ –≤—ã–ø–æ–ª–Ω–µ–Ω–∞ –∞–¥–º–∏–Ω–æ–º 7924924550
2025-10-06 10:36:11 | WARNING  | logging_config | ==================================================
2025-10-06 10:36:11 | WARNING  | logging_config | üöÄ –ë–û–¢ NETWELL –ó–ê–ü–£–©–ï–ù
2025-10-06 10:36:11 | WARNING  | logging_config | ==================================================
2025-10-06 10:48:37 | WARNING  | logging_config | ==================================================
2025-10-06 10:48:37 | WARNING  | logging_config | üöÄ –ë–û–¢ NETWELL –ó–ê–ü–£–©–ï–ù
2025-10-06 10:48:37 | WARNING  | logging_config | ==================================================
2025-10-06 16:31:10 | WARNING  | logging_config | ==================================================
2025-10-06 16:31:10 | WARNING  | logging_config | üöÄ –ë–û–¢ NETWELL –ó–ê–ü–£–©–ï–ù
2025-10-06 16:31:10 | WARNING  | logging_config | ==================================================
2025-10-06 16:51:07 | WARNING  | handlers | üìä –°–∏–Ω—Ö—Ä–æ–Ω–∏–∑–∞—Ü–∏—è –≤–µ–Ω–¥–æ—Ä–æ–≤ –≤—ã–ø–æ–ª–Ω–µ–Ω–∞ –∞–¥–º–∏–Ω–æ–º 7924924550
2025-10-06 17:51:24 | WARNING  | logging_config | ==================================================
2025-10-06 17:51:24 | WARNING  | logging_config | üöÄ –ë–û–¢ NETWELL –ó–ê–ü–£–©–ï–ù
2025-10-06 17:51:24 | WARNING  | logging_config | ==================================================
2025-10-06 18:05:45 | WARNING  | logging_config | ==================================================
2025-10-06 18:05:45 | WARNING  | logging_config | üöÄ –ë–û–¢ NETWELL –ó–ê–ü–£–©–ï–ù
2025-10-06 18:05:45 | WARNING  | logging_config | ==================================================
2025-10-06 18:06:26 | WARNING  | handlers | üìä –°–∏–Ω—Ö—Ä–æ–Ω–∏–∑–∞—Ü–∏—è –≤–µ–Ω–¥–æ—Ä–æ–≤ –≤—ã–ø–æ–ª–Ω–µ–Ω–∞ –∞–¥–º–∏–Ω–æ–º 7924924550
